1605924113188	geckodriver	INFO	Listening on 127.0.0.1:52674
1605924114175	mozrunner::runner	INFO	Running command: "/Applications/Firefox.app/Contents/MacOS/firefox-bin" "--marionette" "-foreground" "-no-remote" "-profile" "/var/folders/2s/w1qpfkmd3kld6snkz33qtjth0000gn/T/rust_mozprofilenYaIUP"
console.warn: SearchSettings: "get: No settings file exists, new profile?" (new Error("", "(unknown module)"))
1605924117947	Marionette	INFO	Listening on port 52685
1605924117991	Marionette	WARN	TLS certificate errors will be ignored for this session
1605924125632	geckodriver	INFO	Listening on 127.0.0.1:52765
1605924126521	mozrunner::runner	INFO	Running command: "/Applications/Firefox.app/Contents/MacOS/firefox-bin" "--marionette" "-foreground" "-no-remote" "-profile" "/var/folders/2s/w1qpfkmd3kld6snkz33qtjth0000gn/T/rust_mozprofilecimpSW"
console.warn: SearchSettings: "get: No settings file exists, new profile?" (new Error("", "(unknown module)"))
1605924130247	Marionette	INFO	Listening on port 52776
1605924130389	Marionette	WARN	TLS certificate errors will be ignored for this session
1605924157829	Marionette	INFO	Stopped listening on port 52776

###!!! [Parent][MessageChannel] Error: (msgtype=0x1D0011,name=PBackgroundStorage::Msg_Observe) Channel error: cannot send/recv

1605924158830	geckodriver	INFO	Listening on 127.0.0.1:52882
1605924159641	mozrunner::runner	INFO	Running command: "/Applications/Firefox.app/Contents/MacOS/firefox-bin" "--marionette" "-foreground" "-no-remote" "-profile" "/var/folders/2s/w1qpfkmd3kld6snkz33qtjth0000gn/T/rust_mozprofileqWJsO4"
console.warn: SearchSettings: "get: No settings file exists, new profile?" (new Error("", "(unknown module)"))
1605924163499	Marionette	INFO	Listening on port 52893
1605924163638	Marionette	WARN	TLS certificate errors will be ignored for this session
1605924190880	Marionette	INFO	Stopped listening on port 52893
1605924276389	Marionette	INFO	Stopped listening on port 52685
1605924406291	geckodriver	INFO	Listening on 127.0.0.1:53041
1605924407278	mozrunner::runner	INFO	Running command: "/Applications/Firefox.app/Contents/MacOS/firefox-bin" "--marionette" "-foreground" "-no-remote" "-profile" "/var/folders/2s/w1qpfkmd3kld6snkz33qtjth0000gn/T/rust_mozprofiledCGrsU"
console.warn: SearchSettings: "get: No settings file exists, new profile?" (new Error("", "(unknown module)"))
1605924410772	Marionette	INFO	Listening on port 53052
1605924410824	Marionette	WARN	TLS certificate errors will be ignored for this session
1605924565936	geckodriver	INFO	Listening on 127.0.0.1:53179
1605924566915	mozrunner::runner	INFO	Running command: "/Applications/Firefox.app/Contents/MacOS/firefox-bin" "--marionette" "-foreground" "-no-remote" "-profile" "/var/folders/2s/w1qpfkmd3kld6snkz33qtjth0000gn/T/rust_mozprofilew5n0IE"
console.warn: SearchSettings: "get: No settings file exists, new profile?" (new Error("", "(unknown module)"))
1605924571447	Marionette	INFO	Listening on port 53190
1605924571525	Marionette	WARN	TLS certificate errors will be ignored for this session
1605924599468	Marionette	INFO	Stopped listening on port 53052
1605924672306	geckodriver	INFO	Listening on 127.0.0.1:53306
1605924673267	mozrunner::runner	INFO	Running command: "/Applications/Firefox.app/Contents/MacOS/firefox-bin" "--marionette" "-foreground" "-no-remote" "-profile" "/var/folders/2s/w1qpfkmd3kld6snkz33qtjth0000gn/T/rust_mozprofilep7MKbL"
console.warn: SearchSettings: "get: No settings file exists, new profile?" (new Error("", "(unknown module)"))
1605924677057	Marionette	INFO	Listening on port 53317
1605924677125	Marionette	WARN	TLS certificate errors will be ignored for this session
1605924722034	geckodriver	INFO	Listening on 127.0.0.1:53416
1605924723018	mozrunner::runner	INFO	Running command: "/Applications/Firefox.app/Contents/MacOS/firefox-bin" "--marionette" "-foreground" "-no-remote" "-profile" "/var/folders/2s/w1qpfkmd3kld6snkz33qtjth0000gn/T/rust_mozprofileogztP9"
console.warn: SearchSettings: "get: No settings file exists, new profile?" (new Error("", "(unknown module)"))
1605924727122	Marionette	INFO	Listening on port 53427
1605924727209	Marionette	WARN	TLS certificate errors will be ignored for this session
1605924813346	geckodriver	INFO	Listening on 127.0.0.1:53540
1605924814290	mozrunner::runner	INFO	Running command: "/Applications/Firefox.app/Contents/MacOS/firefox-bin" "--marionette" "-foreground" "-no-remote" "-profile" "/var/folders/2s/w1qpfkmd3kld6snkz33qtjth0000gn/T/rust_mozprofileSVQxm3"
1605924818487	Marionette	INFO	Stopped listening on port 53427
console.warn: SearchSettings: "get: No settings file exists, new profile?" (new Error("", "(unknown module)"))
1605924820044	Marionette	INFO	Listening on port 53555
1605924820195	Marionette	WARN	TLS certificate errors will be ignored for this session

###!!! [Parent][MessageChannel] Error: (msgtype=0x1D0011,name=PBackgroundStorage::Msg_Observe) Channel error: cannot send/recv

1605924860325	Marionette	INFO	Stopped listening on port 53317
1605924865050	geckodriver	INFO	Listening on 127.0.0.1:53669
1605924866004	mozrunner::runner	INFO	Running command: "/Applications/Firefox.app/Contents/MacOS/firefox-bin" "--marionette" "-foreground" "-no-remote" "-profile" "/var/folders/2s/w1qpfkmd3kld6snkz33qtjth0000gn/T/rust_mozprofileBu4atb"
console.warn: SearchSettings: "get: No settings file exists, new profile?" (new Error("", "(unknown module)"))
1605924869359	Marionette	INFO	Listening on port 53680
1605924869471	Marionette	WARN	TLS certificate errors will be ignored for this session
1605924907925	Marionette	INFO	Stopped listening on port 53680
1605925429516	geckodriver	INFO	Listening on 127.0.0.1:53869
1605925430490	mozrunner::runner	INFO	Running command: "/Applications/Firefox.app/Contents/MacOS/firefox-bin" "--marionette" "-foreground" "-no-remote" "-profile" "/var/folders/2s/w1qpfkmd3kld6snkz33qtjth0000gn/T/rust_mozprofilewHV2PR"
console.warn: SearchSettings: "get: No settings file exists, new profile?" (new Error("", "(unknown module)"))
1605925434183	Marionette	INFO	Listening on port 53880
1605925434234	Marionette	WARN	TLS certificate errors will be ignored for this session
1605925473755	Marionette	INFO	Stopped listening on port 53880
1605925671640	geckodriver	INFO	Listening on 127.0.0.1:54009
1605925672531	mozrunner::runner	INFO	Running command: "/Applications/Firefox.app/Contents/MacOS/firefox-bin" "--marionette" "-foreground" "-no-remote" "-profile" "/var/folders/2s/w1qpfkmd3kld6snkz33qtjth0000gn/T/rust_mozprofilenZDcm8"
console.warn: SearchSettings: "get: No settings file exists, new profile?" (new Error("", "(unknown module)"))
1605925676942	Marionette	INFO	Listening on port 54020
1605925676990	Marionette	WARN	TLS certificate errors will be ignored for this session
1605925716119	Marionette	INFO	Stopped listening on port 54020
1605926273839	geckodriver	INFO	Listening on 127.0.0.1:54231
1605926274822	mozrunner::runner	INFO	Running command: "/Applications/Firefox.app/Contents/MacOS/firefox-bin" "--marionette" "-foreground" "-no-remote" "-profile" "/var/folders/2s/w1qpfkmd3kld6snkz33qtjth0000gn/T/rust_mozprofile1uUe3b"
console.warn: SearchSettings: "get: No settings file exists, new profile?" (new Error("", "(unknown module)"))
1605926278533	Marionette	INFO	Listening on port 54242
1605926278644	Marionette	WARN	TLS certificate errors will be ignored for this session
1605926308913	Marionette	INFO	Stopped listening on port 54242
1605926679551	geckodriver	INFO	Listening on 127.0.0.1:54417
1605926680514	mozrunner::runner	INFO	Running command: "/Applications/Firefox.app/Contents/MacOS/firefox-bin" "--marionette" "-foreground" "-no-remote" "-profile" "/var/folders/2s/w1qpfkmd3kld6snkz33qtjth0000gn/T/rust_mozprofileER0K9S"
console.warn: SearchSettings: "get: No settings file exists, new profile?" (new Error("", "(unknown module)"))
1605926684640	Marionette	INFO	Listening on port 54428
1605926684717	Marionette	WARN	TLS certificate errors will be ignored for this session
1605926772233	Marionette	INFO	Stopped listening on port 54428
1605926809873	geckodriver	INFO	Listening on 127.0.0.1:54541
1605926810825	mozrunner::runner	INFO	Running command: "/Applications/Firefox.app/Contents/MacOS/firefox-bin" "--marionette" "-foreground" "-no-remote" "-profile" "/var/folders/2s/w1qpfkmd3kld6snkz33qtjth0000gn/T/rust_mozprofileq4oHtR"
console.warn: SearchSettings: "get: No settings file exists, new profile?" (new Error("", "(unknown module)"))
1605926814099	Marionette	INFO	Listening on port 54552
1605926814170	Marionette	WARN	TLS certificate errors will be ignored for this session
1605926851423	Marionette	INFO	Stopped listening on port 54552
1605926894532	geckodriver	INFO	Listening on 127.0.0.1:54648
1605926895503	mozrunner::runner	INFO	Running command: "/Applications/Firefox.app/Contents/MacOS/firefox-bin" "--marionette" "-foreground" "-no-remote" "-profile" "/var/folders/2s/w1qpfkmd3kld6snkz33qtjth0000gn/T/rust_mozprofileHzoLPU"
console.warn: SearchSettings: "get: No settings file exists, new profile?" (new Error("", "(unknown module)"))
1605926898923	Marionette	INFO	Listening on port 54659
1605926899044	Marionette	WARN	TLS certificate errors will be ignored for this session
1605926926722	Marionette	INFO	Stopped listening on port 54659
1605927004458	geckodriver	INFO	Listening on 127.0.0.1:54771
1605927005431	mozrunner::runner	INFO	Running command: "/Applications/Firefox.app/Contents/MacOS/firefox-bin" "--marionette" "-foreground" "-no-remote" "-profile" "/var/folders/2s/w1qpfkmd3kld6snkz33qtjth0000gn/T/rust_mozprofileYYiAKW"
console.warn: SearchSettings: "get: No settings file exists, new profile?" (new Error("", "(unknown module)"))
1605927008738	Marionette	INFO	Listening on port 54782
1605927008828	Marionette	WARN	TLS certificate errors will be ignored for this session
1605927048027	Marionette	INFO	Stopped listening on port 54782
1605927048803	geckodriver	INFO	Listening on 127.0.0.1:54874
1605927049737	mozrunner::runner	INFO	Running command: "/Applications/Firefox.app/Contents/MacOS/firefox-bin" "--marionette" "-foreground" "-no-remote" "-profile" "/var/folders/2s/w1qpfkmd3kld6snkz33qtjth0000gn/T/rust_mozprofiler5e2AU"
console.warn: SearchSettings: "get: No settings file exists, new profile?" (new Error("", "(unknown module)"))
1605927053692	Marionette	INFO	Listening on port 54885
1605927053804	Marionette	WARN	TLS certificate errors will be ignored for this session
1605927082067	Marionette	INFO	Stopped listening on port 54885
1605927082799	geckodriver	INFO	Listening on 127.0.0.1:54994
1605927083768	mozrunner::runner	INFO	Running command: "/Applications/Firefox.app/Contents/MacOS/firefox-bin" "--marionette" "-foreground" "-no-remote" "-profile" "/var/folders/2s/w1qpfkmd3kld6snkz33qtjth0000gn/T/rust_mozprofile7TfOwi"
console.warn: SearchSettings: "get: No settings file exists, new profile?" (new Error("", "(unknown module)"))
1605927088143	Marionette	INFO	Listening on port 55005
1605927088248	Marionette	WARN	TLS certificate errors will be ignored for this session
1605927116038	Marionette	INFO	Stopped listening on port 55005
